<?xml version="1.0" encoding="UTF-8"?>
<!-- Generated by org.testng.reporters.JUnitReportReporter -->
<testsuite hostname="ASUS" failures="0" tests="1" name="JavaAutomationPractice.Hello" time="0.016" errors="0" timestamp="2021-10-04T18:25:27 IST" skipped="0">
  <testcase classname="JavaAutomationPractice.Hello" name="initiation" time="0.016"/>
  <system-out/>
</testsuite> <!-- JavaAutomationPractice.Hello -->
